[0m[32mTask[0m [0m[36mtest[0m deno test --allow-env --allow-read --allow-net tests
[0m[32mCheck[0m file:///Users/ChrisHiatt/Projects/adaswap/vasil_2022Q3/euclid-offchain/tests/emulator.test.ts
[0m[32mCheck[0m file:///Users/ChrisHiatt/Projects/adaswap/vasil_2022Q3/euclid-offchain/tests/types.test.ts
[0m[38;5;245mrunning 1 test from ./tests/emulator.test.ts[0m
emulator ...
[0m[38;5;245m------- output -------[0m
trials left: 10
[0m[38;5;245m----- output end -----[0m
emulator ... [0m[31mFAILED[0m [0m[38;5;245m(3s)[0m
[0m[38;5;245mrunning 0 tests from ./tests/types.test.ts[0m

[0m[1m[37m[41m ERRORS [0m

emulator [0m[38;5;245m=> ./tests/emulator.test.ts:15:6[0m
[0m[1m[31merror[0m: TypeError: Cannot read properties of undefined (reading '__wbindgen_add_to_stack_pointer')
      wasm.__wbindgen_add_to_stack_pointer(16);
[0m[31m           ^[0m
    at [0m[1m[3mFunction.generate_ed25519[0m ([0m[36mhttps://deno.land/x/lucid@0.10.7/src/core/libs/cardano_multiplatform_lib/cardano_multiplatform_lib.generated.js[0m:[0m[33m14121[0m:[0m[33m12[0m)
    at [0m[1m[3mModule.generatePrivateKey[0m ([0m[36mhttps://deno.land/x/lucid@0.10.7/src/utils/utils.ts[0m:[0m[33m426[0m:[0m[33m23[0m)
    at [0m[1m[3mFunction.generateWith[0m ([0m[36mfile:///Users/ChrisHiatt/Projects/adaswap/vasil_2022Q3/euclid-offchain/src/chain/user.ts[0m:[0m[33m325[0m:[0m[33m30[0m)
    at [0m[1m[3mFunction.genSeveral[0m ([0m[36mfile:///Users/ChrisHiatt/Projects/adaswap/vasil_2022Q3/euclid-offchain/src/chain/user.ts[0m:[0m[33m358[0m:[0m[33m31[0m)
    at async [0m[36mfile:///Users/ChrisHiatt/Projects/adaswap/vasil_2022Q3/euclid-offchain/tests/emulator.test.ts[0m:[0m[33m21[0m:[0m[33m22[0m

[0m[1m[37m[41m FAILURES [0m

emulator [0m[38;5;245m=> ./tests/emulator.test.ts:15:6[0m

[0m[31mFAILED[0m | 0 passed | 1 failed [0m[38;5;245m(1m36s)[0m

[0m[1m[31merror[0m: Test failed
